TN:
SF:script/Counter.s.sol
DA:10,0
FN:10,CounterScript.setUp
FNDA:0,CounterScript.setUp
DA:12,0
FN:12,CounterScript.run
FNDA:0,CounterScript.run
DA:13,0
DA:15,0
DA:17,0
FNF:2
FNH:0
LF:5
LH:0
BRF:0
BRH:0
end_of_record
TN:
SF:src/Counter.sol
DA:7,0
FN:7,Counter.setNumber
FNDA:0,Counter.setNumber
DA:8,0
DA:11,0
FN:11,Counter.increment
FNDA:0,Counter.increment
DA:12,0
FNF:2
FNH:0
LF:4
LH:0
BRF:0
BRH:0
end_of_record
TN:
SF:src/KipuBankV3.sol
DA:70,2
FN:70,KipuBankV3.nonReentrant
FNDA:2,KipuBankV3.nonReentrant
DA:71,0
BRDA:71,0,0,-
DA:72,2
DA:74,0
DA:101,19
FN:101,KipuBankV3.constructor
FNDA:19,KipuBankV3.constructor
DA:102,19
BRDA:102,1,0,3
DA:104,16
DA:105,16
DA:108,16
DA:110,16
DA:111,16
DA:116,2
FN:116,KipuBankV3.setOwner
FNDA:2,KipuBankV3.setOwner
DA:117,2
BRDA:117,2,0,1
DA:118,1
BRDA:118,3,0,-
BRDA:118,3,1,1
DA:119,1
DA:120,1
DA:121,1
DA:126,8
FN:126,KipuBankV3.usdcBalanceOf
FNDA:8,KipuBankV3.usdcBalanceOf
DA:127,8
DA:136,10
FN:136,KipuBankV3.depositUSDC
FNDA:10,KipuBankV3.depositUSDC
DA:137,10
BRDA:137,4,0,1
DA:139,9
DA:140,9
BRDA:140,5,0,-
DA:143,9
BRDA:143,6,0,1
DA:145,1
DA:146,0
DA:150,8
DA:151,8
DA:153,8
DA:160,0
FN:160,KipuBankV3.depositETHSwapToUSDC
FNDA:0,KipuBankV3.depositETHSwapToUSDC
DA:161,0
BRDA:161,7,0,-
DA:164,0
DA:167,0
DA:170,0
DA:171,0
DA:172,0
DA:175,0
DA:176,0
DA:183,0
BRDA:183,8,0,-
DA:185,0
DA:188,0
BRDA:188,9,0,-
DA:189,0
DA:190,0
DA:194,0
DA:195,0
DA:197,0
DA:207,2
FN:207,KipuBankV3.depositTokenSwapToUSDC
FNDA:2,KipuBankV3.depositTokenSwapToUSDC
DA:212,2
BRDA:212,10,0,-
DA:213,2
BRDA:213,11,0,2
DA:216,0
DA:217,0
BRDA:217,12,0,-
DA:220,0
DA:223,0
DA:224,0
DA:225,0
DA:228,0
DA:229,0
DA:236,0
BRDA:236,13,0,-
DA:238,0
DA:241,0
BRDA:241,14,0,-
DA:243,0
DA:244,0
DA:248,0
DA:249,0
DA:251,0
DA:260,3
FN:260,KipuBankV3.withdrawUSDC
FNDA:3,KipuBankV3.withdrawUSDC
DA:261,3
BRDA:261,15,0,-
DA:262,3
DA:263,3
BRDA:263,16,0,1
DA:266,2
DA:267,2
DA:270,2
DA:271,2
BRDA:271,17,0,-
DA:273,2
DA:278,0
FN:278,KipuBankV3._safeApprove
FNDA:0,KipuBankV3._safeApprove
DA:280,0
DA:281,0
DA:301,1
FN:301,KipuBankV3.receive
FNDA:1,KipuBankV3.receive
DA:303,1
DA:306,1
FN:306,KipuBankV3.fallback
FNDA:1,KipuBankV3.fallback
DA:307,1
FNF:11
FNH:9
LF:81
LH:42
BRF:19
BRH:7
end_of_record
